2026-04-30 08:40:57 | GET /no-code-app/login
2026-04-30 08:40:57 | GET /no-code-app/apps
2026-04-30 08:41:10 | GET /no-code-app/apps/3
2026-04-30 08:41:16 | GET /no-code-app/apps/3/dashboard
2026-04-30 08:41:16 | GET /no-code-app/apps/3/dashboard/data/7
2026-04-30 08:42:23 | GET /no-code-app/apps/3/dashboard/widgets/7/delete
2026-04-30 08:42:23 | GET /no-code-app/apps/3/dashboard
2026-04-30 08:42:53 | GET /no-code-app/
2026-04-30 08:42:54 | GET /no-code-app/apps/1
2026-04-30 08:42:56 | GET /no-code-app/apps/1/dashboard
2026-04-30 08:42:56 | GET /no-code-app/apps/1/dashboard/data/9
2026-04-30 08:42:56 | GET /no-code-app/apps/1/dashboard/data/8
2026-04-30 08:42:56 | GET /no-code-app/apps/1/dashboard/data/2
2026-04-30 08:42:56 | GET /no-code-app/apps/1/dashboard/data/6
2026-04-30 08:42:56 | GET /no-code-app/apps/1/dashboard/data/5
2026-04-30 08:42:56 | GET /no-code-app/apps/1/dashboard/data/4
2026-04-30 08:42:56 | GET /no-code-app/apps/1/dashboard/data/3
2026-04-30 08:43:04 | GET /no-code-app/logout
2026-04-30 08:43:04 | GET /no-code-app/login
2026-04-30 08:43:06 | POST /no-code-app/login
2026-04-30 08:43:06 | GET /no-code-app/apps
2026-04-30 08:43:07 | GET /no-code-app/apps/1
2026-04-30 08:43:09 | GET /no-code-app/apps/1/dashboard
2026-04-30 08:43:09 | GET /no-code-app/apps/1/dashboard/data/9
2026-04-30 08:43:09 | GET /no-code-app/apps/1/dashboard/data/8
2026-04-30 08:43:09 | GET /no-code-app/apps/1/dashboard/data/2
2026-04-30 08:43:09 | GET /no-code-app/apps/1/dashboard/data/6
2026-04-30 08:43:09 | GET /no-code-app/apps/1/dashboard/data/4
2026-04-30 08:43:09 | GET /no-code-app/apps/1/dashboard/data/5
2026-04-30 08:43:09 | GET /no-code-app/apps/1/dashboard/data/3
2026-04-30 08:43:32 | GET /no-code-app/
2026-04-30 08:43:32 | GET /no-code-app/apps/2
2026-04-30 08:43:34 | GET /no-code-app/apps/2/dashboard
2026-04-30 08:43:35 | GET /no-code-app/
2026-04-30 08:43:36 | GET /no-code-app/apps/3
2026-04-30 08:43:37 | GET /no-code-app/apps/3/dashboard
2026-04-30 08:43:38 | GET /no-code-app/apps/3/dashboard/widgets/create
2026-04-30 08:43:43 | POST /no-code-app/apps/3/dashboard/widgets
2026-04-30 08:43:43 | GET /no-code-app/apps/3/dashboard
2026-04-30 08:43:43 | GET /no-code-app/apps/3/dashboard/data/10
2026-04-30 08:46:15 | GET /no-code-app/apps/3/dashboard
2026-04-30 08:46:16 | GET /no-code-app/apps/3/dashboard/data/10
2026-04-30 08:46:20 | GET /no-code-app/apps/3/users
2026-04-30 08:46:22 | GET /no-code-app/apps/3/roles
2026-04-30 08:46:23 | GET /no-code-app/apps/3/dashboard
2026-04-30 08:46:23 | GET /no-code-app/apps/3/dashboard/data/10
2026-04-30 08:46:25 | GET /no-code-app/apps/3/dashboard
2026-04-30 08:46:25 | GET /no-code-app/apps/3/dashboard/data/10
2026-04-30 08:46:25 | GET /no-code-app/
2026-04-30 08:49:28 | GET /no-code-app/
2026-04-30 08:49:32 | GET /no-code-app/apps/3
2026-04-30 08:49:34 | GET /no-code-app/apps/3/dashboard
2026-04-30 08:49:34 | GET /no-code-app/apps/3/dashboard/data/10
2026-04-30 08:49:34 | GET /no-code-app/apps/3/leave
2026-04-30 08:49:35 | GET /no-code-app/apps/3/dashboard
2026-04-30 08:49:35 | GET /no-code-app/apps/3/dashboard/data/10
2026-04-30 08:51:26 | GET /no-code-app/login
2026-04-30 08:51:26 | GET /no-code-app/apps?_t=1777539086
2026-04-30 08:51:38 | GET /no-code-app/apps/1
2026-04-30 08:51:43 | GET /no-code-app/apps/1/products
2026-04-30 08:54:08 | GET /no-code-app/apps/1/dashboard
2026-04-30 08:55:06 | GET /no-code-app/apps/1/products
2026-04-30 08:55:14 | GET /no-code-app/apps/1/products
2026-04-30 08:55:17 | GET /no-code-app/
2026-04-30 08:55:23 | GET /no-code-app/
2026-04-30 08:55:23 | GET /no-code-app/login
2026-04-30 08:55:26 | POST /no-code-app/login
2026-04-30 08:55:26 | GET /no-code-app/apps?_t=1777539326
2026-04-30 08:55:34 | GET /no-code-app/apps/3
2026-04-30 08:55:35 | GET /no-code-app/apps/3/dashboard
2026-04-30 08:55:35 | GET /no-code-app/apps/3/dashboard/data/10
2026-04-30 08:55:37 | GET /no-code-app/apps/3/leave
2026-04-30 08:55:39 | GET /no-code-app/apps/3/roles
2026-04-30 08:55:41 | GET /no-code-app/
2026-04-30 08:55:42 | GET /no-code-app/apps/1
2026-04-30 08:55:44 | GET /no-code-app/apps/1/categories
2026-04-30 08:58:52 | GET /no-code-app/
2026-04-30 08:58:59 | GET /no-code-app/apps/create
2026-04-30 08:59:01 | GET /no-code-app/apps
2026-04-30 08:59:03 | GET /no-code-app/apps/1
2026-04-30 08:59:05 | GET /no-code-app/apps/1/modules/create
2026-04-30 08:59:21 | POST /no-code-app/apps/1/modules
2026-04-30 08:59:21 | GET /no-code-app/apps/1/modules/4/builder?_t=1777539561
2026-04-30 08:59:28 | GET /no-code-app/apps/1/test
2026-04-30 09:03:31 | GET /no-code-app/apps/1/test
2026-04-30 09:03:32 | GET /no-code-app/
2026-04-30 09:03:36 | GET /no-code-app/apps/1
2026-04-30 09:03:39 | GET /no-code-app/apps/1/categories
2026-04-30 09:03:42 | GET /no-code-app/apps/1/categories/6/edit
2026-04-30 09:03:43 | GET /no-code-app/apps/1/categories/6
2026-04-30 09:03:50 | GET /no-code-app/apps/1/dashboard
2026-04-30 09:03:50 | GET /no-code-app/apps/1/dashboard/data/2
2026-04-30 09:03:50 | GET /no-code-app/apps/1/dashboard/data/3
2026-04-30 09:03:50 | GET /no-code-app/apps/1/dashboard/data/5
2026-04-30 09:03:50 | GET /no-code-app/apps/1/dashboard/data/6
2026-04-30 09:03:50 | GET /no-code-app/apps/1/dashboard/data/4
2026-04-30 09:03:50 | GET /no-code-app/apps/1/dashboard/data/8
2026-04-30 09:03:50 | GET /no-code-app/apps/1/dashboard/data/9
2026-04-30 09:12:36 | GET /no-code-app/apps/1/dashboard
2026-04-30 09:12:36 | GET /no-code-app/apps/1/dashboard/data/3
2026-04-30 09:12:36 | GET /no-code-app/apps/1/dashboard/data/2
2026-04-30 09:12:36 | GET /no-code-app/apps/1/dashboard/data/4
2026-04-30 09:12:36 | GET /no-code-app/apps/1/dashboard/data/5
2026-04-30 09:12:36 | GET /no-code-app/apps/1/dashboard/data/6
2026-04-30 09:12:36 | GET /no-code-app/apps/1/dashboard/data/8
2026-04-30 09:12:36 | GET /no-code-app/apps/1/dashboard/data/9
2026-04-30 09:12:40 | GET /no-code-app/
2026-04-30 09:12:40 | GET /no-code-app/
2026-04-30 09:12:42 | GET /no-code-app/
2026-04-30 09:12:47 | GET /no-code-app/
2026-04-30 09:12:47 | GET /no-code-app/
2026-04-30 09:12:50 | GET /no-code-app/apps/3
2026-04-30 09:12:51 | GET /no-code-app/apps/3/dashboard
2026-04-30 09:12:51 | GET /no-code-app/apps/3/dashboard/data/10
2026-04-30 09:12:53 | GET /no-code-app/
2026-04-30 09:12:55 | GET /no-code-app/apps/1
2026-04-30 09:12:56 | GET /no-code-app/apps/1/dashboard
2026-04-30 09:12:56 | GET /no-code-app/apps/1/dashboard/data/2
2026-04-30 09:12:56 | GET /no-code-app/apps/1/dashboard/data/3
2026-04-30 09:12:56 | GET /no-code-app/apps/1/dashboard/data/4
2026-04-30 09:12:56 | GET /no-code-app/apps/1/dashboard/data/5
2026-04-30 09:12:56 | GET /no-code-app/apps/1/dashboard/data/6
2026-04-30 09:12:56 | GET /no-code-app/apps/1/dashboard/data/8
2026-04-30 09:12:57 | GET /no-code-app/apps/1/dashboard/data/9
2026-04-30 09:13:23 | GET /no-code-app/apps/1/categories
2026-04-30 09:13:27 | GET /no-code-app/apps/1/categories/6
2026-04-30 09:13:29 | GET /no-code-app/apps/1/categories/6/edit
2026-04-30 09:13:30 | GET /no-code-app/apps/1/categories/6
2026-04-30 09:13:32 | GET /no-code-app/apps/1/dashboard
2026-04-30 09:13:32 | GET /no-code-app/apps/1/dashboard/data/2
2026-04-30 09:13:32 | GET /no-code-app/apps/1/dashboard/data/3
2026-04-30 09:13:32 | GET /no-code-app/apps/1/dashboard/data/4
2026-04-30 09:13:32 | GET /no-code-app/apps/1/dashboard/data/5
2026-04-30 09:13:32 | GET /no-code-app/apps/1/dashboard/data/6
2026-04-30 09:13:32 | GET /no-code-app/apps/1/dashboard/data/9
2026-04-30 09:13:34 | GET /no-code-app/apps/1/categories
2026-04-30 09:13:38 | GET /no-code-app/apps/1/modules/1/builder
2026-04-30 09:15:13 | GET /no-code-app/apps/1/modules/1/builder
2026-04-30 09:15:26 | GET /no-code-app/apps/1/modules/1/builder
2026-04-30 09:15:29 | GET /no-code-app/apps/
2026-04-30 09:16:18 | GET /no-code-app/apps/
2026-04-30 09:16:19 | GET /no-code-app/apps/
2026-04-30 09:16:30 | GET /no-code-app/apps/
2026-04-30 09:16:31 | GET /no-code-app/apps/
2026-04-30 09:16:52 | GET /no-code-app/apps/
2026-04-30 09:16:56 | GET /no-code-app/apps/
2026-04-30 09:16:58 | GET /no-code-app/apps/1
2026-04-30 09:16:59 | GET /no-code-app/apps/1/dashboard
2026-04-30 09:16:59 | GET /no-code-app/apps/1/dashboard/data/2
2026-04-30 09:16:59 | GET /no-code-app/apps/1/dashboard/data/3
2026-04-30 09:16:59 | GET /no-code-app/apps/1/dashboard/data/4
2026-04-30 09:16:59 | GET /no-code-app/apps/1/dashboard/data/6
2026-04-30 09:16:59 | GET /no-code-app/apps/1/dashboard/data/5
2026-04-30 09:16:59 | GET /no-code-app/apps/1/dashboard/data/8
2026-04-30 09:16:59 | GET /no-code-app/apps/1/dashboard/data/9
2026-04-30 09:17:17 | GET /no-code-app/apps/1/dashboard
2026-04-30 09:17:17 | GET /no-code-app/apps/1/dashboard/data/2
2026-04-30 09:17:17 | GET /no-code-app/apps/1/dashboard/data/3
2026-04-30 09:17:17 | GET /no-code-app/apps/1/dashboard/data/4
2026-04-30 09:17:17 | GET /no-code-app/apps/1/dashboard/data/5
2026-04-30 09:17:17 | GET /no-code-app/apps/1/dashboard/data/6
2026-04-30 09:17:17 | GET /no-code-app/apps/1/dashboard/data/8
2026-04-30 09:17:17 | GET /no-code-app/apps/1/dashboard/data/9
2026-04-30 09:17:27 | GET /no-code-app/apps/1/test
2026-04-30 09:17:28 | GET /no-code-app/apps/1/categories
2026-04-30 09:17:43 | GET /no-code-app/apps/1/test
2026-04-30 09:17:46 | GET /no-code-app/apps/1/modules/4/builder
2026-04-30 09:17:52 | GET /no-code-app/apps/1
2026-04-30 09:17:53 | GET /no-code-app/
2026-04-30 09:24:31 | GET /no-code-app/
2026-04-30 09:24:32 | GET /no-code-app/account
2026-04-30 09:24:39 | POST /no-code-app/account
2026-04-30 09:24:39 | GET /no-code-app/account?_t=1777541079
2026-04-30 09:24:50 | GET /no-code-app/account?_t=1777541079
2026-04-30 09:24:53 | GET /no-code-app/
2026-04-30 09:24:56 | GET /no-code-app/account
2026-04-30 09:25:01 | GET /no-code-app/
2026-04-30 09:25:05 | GET /no-code-app/apps/3
2026-04-30 09:25:08 | GET /no-code-app/apps/3/users
2026-04-30 09:25:09 | POST /no-code-app/apps/3/users/1/role
2026-04-30 09:25:09 | GET /no-code-app/apps/3/users?_t=1777541109
2026-04-30 09:25:13 | GET /no-code-app/apps/3/roles
2026-04-30 09:25:16 | GET /no-code-app/apps/3/dashboard
2026-04-30 09:25:16 | GET /no-code-app/apps/3/dashboard/data/10
2026-04-30 09:25:19 | GET /no-code-app/apps/3/leave
2026-04-30 09:25:21 | GET /no-code-app/apps/3/users
2026-04-30 09:27:06 | GET /no-code-app/apps/3/users
2026-04-30 09:27:07 | GET /no-code-app/apps/3/users
2026-04-30 09:27:21 | GET /no-code-app/
2026-04-30 09:27:24 | GET /no-code-app/account
2026-04-30 09:27:26 | GET /no-code-app/
2026-04-30 09:27:41 | GET /no-code-app/apps/3
2026-04-30 09:27:42 | GET /no-code-app/apps/3/users
2026-04-30 09:27:57 | POST /no-code-app/apps/3/users
2026-04-30 09:27:57 | GET /no-code-app/apps/3/users?_t=1777541277
2026-04-30 09:28:01 | GET /no-code-app/apps/3/dashboard
2026-04-30 09:28:02 | GET /no-code-app/apps/3/dashboard/data/10
2026-04-30 09:35:07 | GET /no-code-app/apps/3/dashboard
2026-04-30 09:35:07 | GET /no-code-app/apps/3/dashboard/data/10
2026-04-30 09:35:08 | GET /no-code-app/apps/3/leave
2026-04-30 09:35:09 | GET /no-code-app/apps/3/roles
2026-04-30 09:35:11 | GET /no-code-app/apps/3/users
2026-04-30 09:35:15 | POST /no-code-app/apps/3/users/2/role
2026-04-30 09:35:15 | GET /no-code-app/apps/3/users?_t=1777541715
2026-04-30 09:35:26 | GET /no-code-app/apps/3/dashboard
2026-04-30 09:35:26 | GET /no-code-app/apps/3/dashboard/data/10
2026-04-30 09:35:28 | GET /no-code-app/apps/3/roles
2026-04-30 09:35:29 | GET /no-code-app/apps/3/users
2026-04-30 09:35:39 | GET /no-code-app/logout
2026-04-30 09:35:39 | GET /no-code-app/login?_t=1777541739
2026-04-30 09:35:42 | POST /no-code-app/login
2026-04-30 09:35:42 | GET /no-code-app/login?_t=1777541742
2026-04-30 09:35:47 | POST /no-code-app/login
2026-04-30 09:35:47 | GET /no-code-app/apps?_t=1777541747
2026-04-30 09:35:52 | GET /no-code-app/apps/3
2026-04-30 09:35:53 | GET /no-code-app/apps/3/dashboard
2026-04-30 09:35:54 | GET /no-code-app/apps/3/leave
2026-04-30 09:35:56 | GET /no-code-app/apps/3/leave/create
2026-04-30 09:36:07 | POST /no-code-app/apps/3/leave
2026-04-30 09:36:11 | GET /no-code-app/apps/3/leave
2026-04-30 09:36:13 | GET /no-code-app/apps/3/dashboard
2026-04-30 09:36:14 | GET /no-code-app/apps/3/dashboard/widgets/create
2026-04-30 09:36:23 | POST /no-code-app/apps/3/dashboard/widgets
2026-04-30 09:36:23 | GET /no-code-app/apps/3/dashboard?_t=1777541783
2026-04-30 09:36:23 | GET /no-code-app/apps/3/dashboard/data/11
2026-04-30 09:36:27 | GET /no-code-app/apps/3/dashboard
2026-04-30 09:36:27 | GET /no-code-app/apps/3/dashboard/data/11
2026-04-30 09:36:28 | GET /no-code-app/apps/3/leave
2026-04-30 09:36:28 | GET /no-code-app/apps/3/dashboard
2026-04-30 09:36:28 | GET /no-code-app/apps/3/dashboard/data/11
2026-04-30 09:36:33 | GET /no-code-app/
2026-04-30 09:36:36 | GET /no-code-app/apps/3
2026-04-30 09:36:37 | GET /no-code-app/apps/3/leave
2026-04-30 09:36:38 | GET /no-code-app/apps/3/leave/create
2026-04-30 09:36:43 | GET /no-code-app/apps/3/leave
2026-04-30 09:36:46 | GET /no-code-app/apps/3/leave
2026-04-30 09:36:46 | GET /no-code-app/apps/3/dashboard
2026-04-30 09:36:46 | GET /no-code-app/apps/3/dashboard/data/11
2026-04-30 09:36:48 | GET /no-code-app/logout
2026-04-30 09:36:48 | GET /no-code-app/login?_t=1777541808
2026-04-30 09:36:50 | POST /no-code-app/login
2026-04-30 09:36:51 | GET /no-code-app/apps?_t=1777541811
2026-04-30 09:36:51 | GET /no-code-app/apps/3
2026-04-30 09:36:53 | GET /no-code-app/apps/3/leave
2026-04-30 09:36:55 | GET /no-code-app/apps/3/modules/create
2026-04-30 09:36:58 | GET /no-code-app/apps/3
2026-04-30 09:36:59 | GET /no-code-app/apps/3/modules/3/builder
2026-04-30 09:37:11 | POST /no-code-app/apps/3/modules/3/fields
2026-04-30 09:37:11 | GET /no-code-app/apps/3/modules/3/builder?_t=1777541831
2026-04-30 09:37:11 | GET /no-code-app/apps/3/modules/3/builder
2026-04-30 09:37:19 | POST /no-code-app/apps/3/modules/3/fields
2026-04-30 09:37:19 | GET /no-code-app/apps/3/modules/3/builder?_t=1777541839
2026-04-30 09:37:20 | GET /no-code-app/apps/3/modules/3/builder
2026-04-30 09:37:25 | GET /no-code-app/apps/3/leave
2026-04-30 09:37:28 | GET /no-code-app/apps/3/leave/create
2026-04-30 09:37:35 | GET /no-code-app/apps/3/leave
2026-04-30 09:37:38 | GET /no-code-app/
